0 info it worked if it ends with ok
1 verbose cli [ '/usr/local/bin/node',
1 verbose cli   '/usr/local/bin/npm',
1 verbose cli   'install',
1 verbose cli   'child_process' ]
2 info using npm@2.14.2
3 info using node@v4.0.0
4 verbose install initial load of /home/pi/pyBearClientA/package.json
5 verbose installManyTop reading scoped package data from /home/pi/pyBearClientA/node_modules/download/package.json
6 verbose installManyTop reading scoped package data from /home/pi/pyBearClientA/node_modules/events/package.json
7 verbose installManyTop reading scoped package data from /home/pi/pyBearClientA/node_modules/file-exists/package.json
8 verbose installManyTop reading scoped package data from /home/pi/pyBearClientA/node_modules/johnny-five/package.json
9 verbose installManyTop reading scoped package data from /home/pi/pyBearClientA/node_modules/mongodb/package.json
10 verbose installManyTop reading scoped package data from /home/pi/pyBearClientA/node_modules/mpg123/package.json
11 verbose installManyTop reading scoped package data from /home/pi/pyBearClientA/node_modules/npm-debug.log/package.json
12 verbose installManyTop reading scoped package data from /home/pi/pyBearClientA/node_modules/omx-manager/package.json
13 verbose installManyTop reading scoped package data from /home/pi/pyBearClientA/node_modules/phpjs/package.json
14 verbose installManyTop reading scoped package data from /home/pi/pyBearClientA/node_modules/raspi-io/package.json
15 verbose installManyTop reading scoped package data from /home/pi/pyBearClientA/node_modules/serialport/package.json
16 verbose installManyTop reading scoped package data from /home/pi/pyBearClientA/node_modules/socket.io/package.json
17 verbose installManyTop reading scoped package data from /home/pi/pyBearClientA/node_modules/socket.io-client/package.json
18 verbose installManyTop reading scoped package data from /home/pi/pyBearClientA/node_modules/util/package.json
19 info package.json phpjs@1.3.2 No license field.
20 info package.json events@1.1.0 events is also the name of a node core module.
21 info package.json util@0.10.3 util is also the name of a node core module.
22 verbose readDependencies loading dependencies from /home/pi/pyBearClientA/package.json
23 silly cache add args [ 'child_process', null ]
24 verbose cache add spec child_process
25 silly cache add parsed spec Result {
25 silly cache add   raw: 'child_process',
25 silly cache add   scope: null,
25 silly cache add   name: 'child_process',
25 silly cache add   rawSpec: '',
25 silly cache add   spec: '*',
25 silly cache add   type: 'range' }
26 silly addNamed child_process@*
27 verbose addNamed "*" is a valid semver range for child_process
28 silly addNameRange { name: 'child_process', range: '*', hasData: false }
29 silly mapToRegistry name child_process
30 silly mapToRegistry using default registry
31 silly mapToRegistry registry https://registry.npmjs.org/
32 silly mapToRegistry uri https://registry.npmjs.org/child_process
33 verbose addNameRange registry:https://registry.npmjs.org/child_process not in flight; fetching
34 verbose request uri https://registry.npmjs.org/child_process
35 verbose request no auth needed
36 info attempt registry request try #1 at 4:31:20 PM
37 verbose request id 518feea92849f718
38 http request GET https://registry.npmjs.org/child_process
39 http 404 https://registry.npmjs.org/child_process
40 verbose headers { 'content-type': 'application/json',
40 verbose headers   'cache-control': 'max-age=0',
40 verbose headers   'content-length': '2',
40 verbose headers   'accept-ranges': 'bytes',
40 verbose headers   date: 'Sat, 09 Apr 2016 16:31:20 GMT',
40 verbose headers   via: '1.1 varnish',
40 verbose headers   age: '0',
40 verbose headers   connection: 'keep-alive',
40 verbose headers   'x-served-by': 'cache-sin6924-SIN',
40 verbose headers   'x-cache': 'MISS',
40 verbose headers   'x-cache-hits': '0',
40 verbose headers   'x-timer': 'S1460219480.620342,VS0,VE251',
40 verbose headers   vary: 'Accept-Encoding' }
41 silly get cb [ 404,
41 silly get   { 'content-type': 'application/json',
41 silly get     'cache-control': 'max-age=0',
41 silly get     'content-length': '2',
41 silly get     'accept-ranges': 'bytes',
41 silly get     date: 'Sat, 09 Apr 2016 16:31:20 GMT',
41 silly get     via: '1.1 varnish',
41 silly get     age: '0',
41 silly get     connection: 'keep-alive',
41 silly get     'x-served-by': 'cache-sin6924-SIN',
41 silly get     'x-cache': 'MISS',
41 silly get     'x-cache-hits': '0',
41 silly get     'x-timer': 'S1460219480.620342,VS0,VE251',
41 silly get     vary: 'Accept-Encoding' } ]
42 verbose stack Error: Registry returned 404 for GET on https://registry.npmjs.org/child_process
42 verbose stack     at makeError (/usr/local/lib/node_modules/npm/node_modules/npm-registry-client/lib/request.js:263:12)
42 verbose stack     at CachingRegistryClient.<anonymous> (/usr/local/lib/node_modules/npm/node_modules/npm-registry-client/lib/request.js:241:14)
42 verbose stack     at Request._callback (/usr/local/lib/node_modules/npm/node_modules/npm-registry-client/lib/request.js:171:14)
42 verbose stack     at Request.self.callback (/usr/local/lib/node_modules/npm/node_modules/request/request.js:198:22)
42 verbose stack     at emitTwo (events.js:87:13)
42 verbose stack     at Request.emit (events.js:172:7)
42 verbose stack     at Request.<anonymous> (/usr/local/lib/node_modules/npm/node_modules/request/request.js:1073:14)
42 verbose stack     at emitOne (events.js:82:20)
42 verbose stack     at Request.emit (events.js:169:7)
42 verbose stack     at IncomingMessage.<anonymous> (/usr/local/lib/node_modules/npm/node_modules/request/request.js:1019:12)
43 verbose statusCode 404
44 verbose pkgid child_process
45 verbose cwd /home/pi/pyBearClientA
46 error Linux 4.1.13-v7+
47 error argv "/usr/local/bin/node" "/usr/local/bin/npm" "install" "child_process"
48 error node v4.0.0
49 error npm  v2.14.2
50 error code E404
51 error 404 Registry returned 404 for GET on https://registry.npmjs.org/child_process
51 error 404
51 error 404 'child_process' is not in the npm registry.
51 error 404 Your package name is not valid, because
51 error 404
51 error 404  1. child_process is a core module name
51 error 404
51 error 404 Note that you can also install from a
51 error 404 tarball, folder, http url, or git url.
52 verbose exit [ 1, true ]
